Base path: D:/CApps (x86)/Unity/Editor/Data
Pipe name: \\.\pipe\UnityShaderCompiler-64bit-4-8160
Cmd: getPlatforms
Cmd: compileSnippet
  api=8 type=0 insize=14306 outsize=7808 kw=DIRECTIONAL SHADOWS_OFF LIGHTMAP_OFF DIRLIGHTMAP_OFF DYNAMICLIGHTMAP_OFF VERTEXLIGHT_ON ok=1
Cmd: compileSnippet
  api=8 type=0 insize=14306 outsize=8523 kw=DIRECTIONAL SHADOWS_OFF LIGHTMAP_OFF DIRLIGHTMAP_OFF DYNAMICLIGHTMAP_OFF VERTEXLIGHT_ON PIXELSNAP_ON ok=1
Cmd: compileSnippet
  api=8 type=1 insize=14306 outsize=2779 kw=DIRECTIONAL SHADOWS_SCREEN SHADOWS_NATIVE LIGHTMAP_OFF DIRLIGHTMAP_OFF DYNAMICLIGHTMAP_OFF ok=1
Cmd: compileSnippet
  api=8 type=0 insize=7914 outsize=4095 kw=SPOT ok=1
Cmd: compileSnippet
  api=8 type=0 insize=7914 outsize=4883 kw=POINT PIXELSNAP_ON ok=1
Cmd: compileSnippet
  api=8 type=0 insize=7914 outsize=4883 kw=POINT_COOKIE PIXELSNAP_ON ok=1
Cmd: compileSnippet
  api=8 type=1 insize=7914 outsize=1853 kw=DIRECTIONAL ok=1
Cmd: compileSnippet
  api=8 type=1 insize=7914 outsize=1853 kw=DIRECTIONAL PIXELSNAP_ON ok=1
Cmd: compileSnippet
  api=8 type=1 insize=7914 outsize=2649 kw=DIRECTIONAL_COOKIE PIXELSNAP_ON ok=1
Cmd: compileSnippet
  api=8 type=0 insize=12590 outsize=6029 kw=LIGHTMAP_OFF DIRLIGHTMAP_OFF DYNAMICLIGHTMAP_OFF UNITY_HDR_ON ok=1
Cmd: compileSnippet
  api=8 type=1 insize=12590 outsize=1950 kw=LIGHTMAP_OFF DIRLIGHTMAP_OFF DYNAMICLIGHTMAP_OFF UNITY_HDR_ON PIXELSNAP_ON ok=1
Cmd: compileSnippet
  api=8 type=0 insize=12780 outsize=5598 kw=LIGHTMAP_OFF DIRLIGHTMAP_OFF DYNAMICLIGHTMAP_OFF UNITY_HDR_ON ok=1
Cmd: compileSnippet
  api=8 type=1 insize=12780 outsize=2340 kw=LIGHTMAP_OFF DIRLIGHTMAP_OFF DYNAMICLIGHTMAP_OFF UNITY_HDR_ON ok=1
Cmd: compileSnippet
  error: 2 plat 8 at (1): Compiled shader code uses too many instruction slots (116). Max. allowed by the target (ps_2_0) is 96.\nCompiling Fragment program
  error: 2 plat 8 at (97): Too many math instructions for SM2.0 (114 needed, max is 64). Try #pragma target 3.0\nCompiling Fragment program
  api=8 type=1 insize=3346 outsize=0 kw= ok=0
Cmd: compileSnippet
  api=8 type=0 insize=2240 outsize=2966 kw=PIXELSNAP_ON ok=1
Cmd: compileSnippet
  api=8 type=1 insize=2240 outsize=2145 kw=DUMMY ok=1
Cmd: compileSnippet
  api=8 type=1 insize=1619 outsize=2373 kw= ok=1
Cmd: compileSnippet
  api=8 type=0 insize=1705 outsize=1812 kw=SOFTPARTICLES_OFF ok=1
Cmd: compileSnippet
  api=8 type=1 insize=1705 outsize=1292 kw=SOFTPARTICLES_OFF ok=1
Cmd: compileSnippet
  api=8 type=0 insize=541 outsize=5379 kw=SHADOWS_DEPTH ok=1
Cmd: compileSnippet
  api=8 type=0 insize=6810 outsize=6273 kw=DIRECTIONAL SHADOWS_SCREEN SHADOWS_NATIVE LIGHTMAP_OFF DIRLIGHTMAP_OFF DYNAMICLIGHTMAP_OFF ok=1
Cmd: compileSnippet
  api=8 type=0 insize=3647 outsize=3876 kw=SPOT ok=1
Cmd: compileSnippet
  api=8 type=1 insize=3647 outsize=3169 kw=POINT_COOKIE ok=1
Cmd: compileSnippet
  api=8 type=1 insize=3647 outsize=2495 kw=DIRECTIONAL_COOKIE ok=1
Cmd: compileSnippet
  api=8 type=0 insize=5974 outsize=5810 kw=LIGHTMAP_OFF DIRLIGHTMAP_OFF DYNAMICLIGHTMAP_OFF HDR_LIGHT_PREPASS_OFF ok=1
Cmd: compileSnippet
  api=8 type=0 insize=1051 outsize=1780 kw= ok=1
Cmd: compileSnippet
  api=8 type=1 insize=1051 outsize=1349 kw= ok=1
Cmd: compileSnippet
  error: 2 plat 1 at (1): Compiled shader code uses too many instruction slots (116). Max. allowed by the target (ps_2_0) is 96.\nCompiling Fragment program
  error: 2 plat 1 at (97): Too many math instructions for SM2.0 (114 needed, max is 64). Try #pragma target 3.0\nCompiling Fragment program
  api=1 type=1 insize=3346 outsize=0 kw= ok=0
