Base path: D:/CApps (x86)/Unity/Editor/Data
Pipe name: \\.\pipe\UnityShaderCompiler-1-2752
Cmd: getPlatforms
Cmd: preprocess
  insize=3102 outsize=816 ok=1
Cmd: compileSnippet
  error: 2 plat 4 at (99): undeclared identifier 'i'
  api=4 type=0 insize=2587 outsize=0 kw=DUMMY ok=0
Cmd: preprocess
  insize=3103 outsize=816 ok=1
Cmd: compileSnippet
  error: 2 plat 4 at (99): undeclared identifier 'i'
  api=4 type=0 insize=2588 outsize=0 kw=DUMMY ok=0
Cmd: preprocess
  insize=3104 outsize=816 ok=1
Cmd: compileSnippet
  error: 2 plat 4 at (99): 'tex2D': no matching 2 parameter intrinsic function; Possible intrinsic functions are: tex2D(sampler2D, float2|half2|min10float2|min16float2) tex2D(sampler2D, float2|half2|min10float2|min16float2, float2|half2|min10float2|min16float2, float2|half2|min10float2|min16float2)
  error: 2 plat 4 at (99): invalid subscript 'uv'
  api=4 type=0 insize=2589 outsize=0 kw=DUMMY ok=0
Cmd: preprocess
  insize=3033 outsize=816 ok=1
Cmd: compileSnippet
  error: 2 plat 4 at (88): undeclared identifier 's'
  api=4 type=0 insize=2518 outsize=0 kw=DUMMY ok=0
Cmd: preprocess
  insize=3034 outsize=816 ok=1
Cmd: compileSnippet
  error: 2 plat 4 at (88): if statement conditional expressions must evaluate to a scalar
  api=4 type=0 insize=2519 outsize=0 kw=DUMMY ok=0
Cmd: preprocess
  insize=3048 outsize=816 ok=1
Cmd: compileSnippet
  api=4 type=0 insize=2533 outsize=1542 kw=DUMMY ok=1
Cmd: compileSnippet
  api=4 type=1 insize=2533 outsize=1493 kw=DUMMY ok=1
Cmd: compileSnippet
  api=4 type=0 insize=2533 outsize=1892 kw=PIXELSNAP_ON ok=1
Cmd: compileSnippet
  api=4 type=1 insize=2533 outsize=1493 kw=PIXELSNAP_ON ok=1
Cmd: preprocess
  insize=3013 outsize=816 ok=1
Cmd: compileSnippet
  api=4 type=0 insize=2498 outsize=1542 kw=DUMMY ok=1
Cmd: compileSnippet
  api=4 type=1 insize=2498 outsize=1209 kw=DUMMY ok=1
Cmd: compileSnippet
  api=4 type=0 insize=2498 outsize=1892 kw=PIXELSNAP_ON ok=1
Cmd: compileSnippet
  api=4 type=1 insize=2498 outsize=1209 kw=PIXELSNAP_ON ok=1
Cmd: preprocess
  insize=3020 outsize=816 ok=1
Cmd: compileSnippet
  api=4 type=0 insize=2505 outsize=1542 kw=DUMMY ok=1
Cmd: compileSnippet
  api=4 type=1 insize=2505 outsize=1355 kw=DUMMY ok=1
Cmd: compileSnippet
  api=4 type=0 insize=2505 outsize=1892 kw=PIXELSNAP_ON ok=1
Cmd: compileSnippet
  api=4 type=1 insize=2505 outsize=1355 kw=PIXELSNAP_ON ok=1
Cmd: preprocess
  insize=3022 outsize=816 ok=1
Cmd: compileSnippet
  api=4 type=0 insize=2507 outsize=1542 kw=DUMMY ok=1
Cmd: compileSnippet
  api=4 type=1 insize=2507 outsize=1355 kw=DUMMY ok=1
Cmd: compileSnippet
  api=4 type=0 insize=2507 outsize=1892 kw=PIXELSNAP_ON ok=1
Cmd: compileSnippet
  api=4 type=1 insize=2507 outsize=1355 kw=PIXELSNAP_ON ok=1
Cmd: preprocess
  insize=3019 outsize=816 ok=1
Cmd: compileSnippet
  api=4 type=0 insize=2504 outsize=1542 kw=DUMMY ok=1
Cmd: compileSnippet
  api=4 type=1 insize=2504 outsize=1355 kw=DUMMY ok=1
Cmd: compileSnippet
  api=4 type=0 insize=2504 outsize=1892 kw=PIXELSNAP_ON ok=1
Cmd: compileSnippet
  api=4 type=1 insize=2504 outsize=1355 kw=PIXELSNAP_ON ok=1
Cmd: preprocess
  insize=3026 outsize=816 ok=1
Cmd: compileSnippet
  api=4 type=0 insize=2511 outsize=1542 kw=DUMMY ok=1
Cmd: compileSnippet
  api=4 type=1 insize=2511 outsize=1355 kw=DUMMY ok=1
Cmd: compileSnippet
  api=4 type=0 insize=2511 outsize=1892 kw=PIXELSNAP_ON ok=1
Cmd: compileSnippet
  api=4 type=1 insize=2511 outsize=1355 kw=PIXELSNAP_ON ok=1
Cmd: preprocess
  insize=3027 outsize=816 ok=1
Cmd: compileSnippet
  api=4 type=0 insize=2512 outsize=1542 kw=DUMMY ok=1
Cmd: compileSnippet
  api=4 type=1 insize=2512 outsize=1355 kw=DUMMY ok=1
Cmd: compileSnippet
  api=4 type=0 insize=2512 outsize=1892 kw=PIXELSNAP_ON ok=1
Cmd: compileSnippet
  api=4 type=1 insize=2512 outsize=1355 kw=PIXELSNAP_ON ok=1
Cmd: preprocess
  insize=3049 outsize=816 ok=1
Cmd: compileSnippet
  api=4 type=0 insize=2534 outsize=1542 kw=DUMMY ok=1
Cmd: compileSnippet
  api=4 type=1 insize=2534 outsize=1242 kw=DUMMY ok=1
Cmd: compileSnippet
  api=4 type=0 insize=2534 outsize=1892 kw=PIXELSNAP_ON ok=1
Cmd: compileSnippet
  api=4 type=1 insize=2534 outsize=1242 kw=PIXELSNAP_ON ok=1
Cmd: preprocess
  insize=3049 outsize=816 ok=1
Cmd: compileSnippet
  api=4 type=0 insize=2534 outsize=1542 kw=DUMMY ok=1
Cmd: compileSnippet
  api=4 type=1 insize=2534 outsize=1242 kw=DUMMY ok=1
Cmd: compileSnippet
  api=4 type=0 insize=2534 outsize=1892 kw=PIXELSNAP_ON ok=1
Cmd: compileSnippet
  api=4 type=1 insize=2534 outsize=1242 kw=PIXELSNAP_ON ok=1
Cmd: preprocess
  insize=3041 outsize=816 ok=1
Cmd: compileSnippet
  api=4 type=0 insize=2526 outsize=1542 kw=DUMMY ok=1
Cmd: compileSnippet
  api=4 type=1 insize=2526 outsize=1469 kw=DUMMY ok=1
Cmd: compileSnippet
  api=4 type=0 insize=2526 outsize=1892 kw=PIXELSNAP_ON ok=1
Cmd: compileSnippet
  api=4 type=1 insize=2526 outsize=1469 kw=PIXELSNAP_ON ok=1
Cmd: preprocess
  insize=3049 outsize=816 ok=1
Cmd: compileSnippet
  api=4 type=0 insize=2534 outsize=1542 kw=DUMMY ok=1
Cmd: compileSnippet
  api=4 type=1 insize=2534 outsize=1242 kw=DUMMY ok=1
Cmd: compileSnippet
  api=4 type=0 insize=2534 outsize=1892 kw=PIXELSNAP_ON ok=1
Cmd: compileSnippet
  api=4 type=1 insize=2534 outsize=1242 kw=PIXELSNAP_ON ok=1
Cmd: preprocess
  insize=3049 outsize=816 ok=1
Cmd: compileSnippet
  api=4 type=0 insize=2534 outsize=1542 kw=DUMMY ok=1
Cmd: compileSnippet
  api=4 type=1 insize=2534 outsize=1242 kw=DUMMY ok=1
Cmd: compileSnippet
  api=4 type=0 insize=2534 outsize=1892 kw=PIXELSNAP_ON ok=1
Cmd: compileSnippet
  api=4 type=1 insize=2534 outsize=1242 kw=PIXELSNAP_ON ok=1
Cmd: preprocess
  insize=3049 outsize=815 ok=1
Cmd: compileSnippet
  api=4 type=0 insize=2534 outsize=1542 kw=DUMMY ok=1
Cmd: compileSnippet
  api=4 type=1 insize=2534 outsize=1469 kw=DUMMY ok=1
Cmd: compileSnippet
  api=4 type=0 insize=2534 outsize=1892 kw=PIXELSNAP_ON ok=1
Cmd: compileSnippet
  api=4 type=1 insize=2534 outsize=1469 kw=PIXELSNAP_ON ok=1
Cmd: preprocess
  insize=3019 outsize=816 ok=1
Cmd: compileSnippet
  api=4 type=0 insize=2504 outsize=1542 kw=DUMMY ok=1
Cmd: compileSnippet
  api=4 type=1 insize=2504 outsize=1355 kw=DUMMY ok=1
Cmd: compileSnippet
  api=4 type=0 insize=2504 outsize=1892 kw=PIXELSNAP_ON ok=1
Cmd: compileSnippet
  api=4 type=1 insize=2504 outsize=1355 kw=PIXELSNAP_ON ok=1
Cmd: preprocess
  insize=3017 outsize=816 ok=1
Cmd: compileSnippet
  api=4 type=0 insize=2502 outsize=1542 kw=DUMMY ok=1
Cmd: compileSnippet
  api=4 type=1 insize=2502 outsize=1355 kw=DUMMY ok=1
Cmd: compileSnippet
  api=4 type=0 insize=2502 outsize=1892 kw=PIXELSNAP_ON ok=1
Cmd: compileSnippet
  api=4 type=1 insize=2502 outsize=1355 kw=PIXELSNAP_ON ok=1
Cmd: preprocess
  insize=3019 outsize=816 ok=1
Cmd: compileSnippet
  api=4 type=0 insize=2504 outsize=1542 kw=DUMMY ok=1
Cmd: compileSnippet
  api=4 type=1 insize=2504 outsize=1355 kw=DUMMY ok=1
Cmd: compileSnippet
  api=4 type=0 insize=2504 outsize=1892 kw=PIXELSNAP_ON ok=1
Cmd: compileSnippet
  api=4 type=1 insize=2504 outsize=1355 kw=PIXELSNAP_ON ok=1
Cmd: preprocess
  insize=3019 outsize=816 ok=1
Cmd: compileSnippet
  api=4 type=0 insize=2504 outsize=1542 kw=DUMMY ok=1
Cmd: compileSnippet
  api=4 type=1 insize=2504 outsize=1355 kw=DUMMY ok=1
Cmd: compileSnippet
  api=4 type=0 insize=2504 outsize=1892 kw=PIXELSNAP_ON ok=1
Cmd: compileSnippet
  api=4 type=1 insize=2504 outsize=1355 kw=PIXELSNAP_ON ok=1
Cmd: preprocess
  insize=3027 outsize=816 ok=1
Cmd: compileSnippet
  error: 2 plat 4 at (88): syntax error: unexpected token 'f'
  api=4 type=0 insize=2512 outsize=0 kw=DUMMY ok=0
Cmd: preprocess
  insize=3028 outsize=816 ok=1
Cmd: compileSnippet
  error: 2 plat 4 at (88): syntax error: unexpected token 'f'
  api=4 type=0 insize=2513 outsize=0 kw=DUMMY ok=0
Cmd: preprocess
  insize=3030 outsize=816 ok=1
Cmd: compileSnippet
  api=4 type=0 insize=2515 outsize=1542 kw=DUMMY ok=1
Cmd: compileSnippet
  api=4 type=1 insize=2515 outsize=1355 kw=DUMMY ok=1
Cmd: compileSnippet
  api=4 type=0 insize=2515 outsize=1892 kw=PIXELSNAP_ON ok=1
Cmd: compileSnippet
  api=4 type=1 insize=2515 outsize=1355 kw=PIXELSNAP_ON ok=1
Cmd: preprocess
  insize=3136 outsize=922 ok=1
Cmd: compileSnippet
  api=4 type=0 insize=2515 outsize=1542 kw=DUMMY ok=1
Cmd: compileSnippet
  api=4 type=1 insize=2515 outsize=1355 kw=DUMMY ok=1
Cmd: preprocess
  insize=3284 outsize=816 ok=1
Cmd: compileSnippet
  error: 2 plat 4 at (91): undeclared identifier 'vec2'
  api=4 type=0 insize=2769 outsize=0 kw=DUMMY ok=0
Cmd: preprocess
  insize=3290 outsize=816 ok=1
Cmd: compileSnippet
  error: 2 plat 4 at (91): undeclared identifier 'fract'
  api=4 type=0 insize=2775 outsize=0 kw=DUMMY ok=0
Cmd: preprocess
  insize=3094 outsize=816 ok=1
Cmd: compileSnippet
  error: 2 plat 4 at (91): invalid subscript 'worldPos'
  api=4 type=0 insize=2579 outsize=0 kw=DUMMY ok=0
Cmd: preprocess
  insize=3127 outsize=816 ok=1
Cmd: compileSnippet
  error: 2 plat 4 at (91): invalid subscript 'SV_POSITION'
  api=4 type=0 insize=2612 outsize=0 kw=DUMMY ok=0
Cmd: preprocess
  insize=3112 outsize=815 ok=1
Cmd: compileSnippet
  api=4 type=0 insize=2597 outsize=1542 kw=DUMMY ok=1
Cmd: compileSnippet
  api=4 type=1 insize=2597 outsize=1363 kw=DUMMY ok=1
Cmd: compileSnippet
  api=4 type=0 insize=2597 outsize=1892 kw=PIXELSNAP_ON ok=1
Cmd: compileSnippet
  api=4 type=1 insize=2597 outsize=1363 kw=PIXELSNAP_ON ok=1
Cmd: preprocess
  insize=3160 outsize=816 ok=1
Cmd: compileSnippet
  error: 2 plat 4 at (45): Duplicate system value semantic definition: output semantic 'POSITION' and output semantic 'SV_POSITION'
  error: 2 plat 4 at (48): Duplicate system value semantic definition: output semantic 'SV_POSITION' and output semantic 'POSITION'
  error: 1 plat 4 at (54): Output value 'vert' is not completely initialized
  api=4 type=0 insize=2645 outsize=0 kw=DUMMY ok=0
Cmd: preprocess
  insize=3173 outsize=816 ok=1
Cmd: compileSnippet
  api=4 type=0 insize=2658 outsize=1599 kw=DUMMY ok=1
Cmd: compileSnippet
  api=4 type=1 insize=2658 outsize=1242 kw=DUMMY ok=1
Cmd: compileSnippet
  api=4 type=0 insize=2658 outsize=1948 kw=PIXELSNAP_ON ok=1
Cmd: compileSnippet
  api=4 type=1 insize=2658 outsize=1242 kw=PIXELSNAP_ON ok=1
Cmd: preprocess
  insize=3161 outsize=816 ok=1
Cmd: compileSnippet
  api=4 type=0 insize=2646 outsize=1461 kw=DUMMY ok=1
Cmd: compileSnippet
  api=4 type=1 insize=2646 outsize=1242 kw=DUMMY ok=1
Cmd: compileSnippet
  api=4 type=0 insize=2646 outsize=1810 kw=PIXELSNAP_ON ok=1
Cmd: compileSnippet
  api=4 type=1 insize=2646 outsize=1242 kw=PIXELSNAP_ON ok=1
Cmd: preprocess
  insize=3163 outsize=816 ok=1
Cmd: compileSnippet
  error: 2 plat 4 at (59): cannot implicitly convert from 'float2' to 'half4'
  api=4 type=0 insize=2648 outsize=0 kw=DUMMY ok=0
Cmd: preprocess
  insize=3175 outsize=816 ok=1
Cmd: compileSnippet
  error: 2 plat 4 at (59): undeclared identifier 'rand'
  api=4 type=0 insize=2660 outsize=0 kw=DUMMY ok=0
Cmd: preprocess
  insize=2755 outsize=814 ok=1
Cmd: compileSnippet
  api=4 type=0 insize=2240 outsize=1542 kw=DUMMY ok=1
Cmd: compileSnippet
  api=4 type=1 insize=2240 outsize=1242 kw=DUMMY ok=1
Cmd: compileSnippet
  api=4 type=0 insize=2240 outsize=1892 kw=PIXELSNAP_ON ok=1
Cmd: compileSnippet
  api=4 type=1 insize=2240 outsize=1242 kw=PIXELSNAP_ON ok=1
